<?xml version="1.0" encoding="UTF-8"?>
<testng-results ignored="0" total="1" passed="1" failed="0" skipped="0">
  <reporter-output>
  </reporter-output>
  <suite started-at="2019-01-02T06:32:29Z" name="EdurekaScreenshotSuite" finished-at="2019-01-02T06:32:34Z" duration-ms="5049">
    <groups>
    </groups>
    <test started-at="2019-01-02T06:32:29Z" name="ScreenshotTest" finished-at="2019-01-02T06:32:34Z" duration-ms="5049">
      <class name="headlessBrowser.Phantom">
        <test-method signature="verifyEdurekaTitle()[pri:0, instance:headlessBrowser.Phantom@5b94b04d]" started-at="2019-01-02T06:32:29Z" name="verifyEdurekaTitle" finished-at="2019-01-02T06:32:34Z" duration-ms="5020" status="PASS">
          <reporter-output>
          </reporter-output>
        </test-method> <!-- verifyEdurekaTitle -->
      </class> <!-- headlessBrowser.Phantom -->
    </test> <!-- ScreenshotTest -->
  </suite> <!-- EdurekaScreenshotSuite -->
</testng-results>
